<?xml version="1.0" encoding="UTF-8"?>
<!-- Generated by org.testng.reporters.JUnitXMLReporter -->
<testsuite hostname="MVertebnyi" name="Sample Test Case" tests="3" failures="0" timestamp="27 Jul 2014 13:10:30 GMT" time="0.022" errors="0">
  <testcase name="testCaseRegister" time="0.009" classname="testcases.SampleTest">
    <skipped/>
  </testcase> <!-- testCaseRegister -->
  <testcase name="testCaseLoginTest" time="0.0" classname="testcases.SampleTest">
    <skipped/>
  </testcase> <!-- testCaseLoginTest -->
  <testcase name="testCasePasswordChange" time="0.0" classname="testcases.SampleTest">
    <skipped/>
  </testcase> <!-- testCasePasswordChange -->
</testsuite> <!-- Sample Test Case -->
