<?xml version="1.0" encoding="UTF-8"?>
<!-- Generated by org.testng.reporters.JUnitXMLReporter -->
<testsuite hostname="MVertebnyi" name="Uploading Pic" tests="1" failures="1" timestamp="27 Jul 2014 13:10:30 GMT" time="0.002" errors="0">
  <testcase name="uploadPic" time="0.001" classname="testcases.UploadPicTest">
    <failure type="java.lang.Error" message="Unresolved compilation problem: 
	Unreachable code
">
      <![CDATA[java.lang.Error: Unresolved compilation problem: 
	Unreachable code

	at testcases.UploadPicTest.uploadPic(UploadPicTest.java:16)
... Removed 24 stack frames]]>
    </failure>
  </testcase> <!-- uploadPic -->
</testsuite> <!-- Uploading Pic -->
