<?xml version="1.0" encoding="UTF-8"?>
<!-- Generated by org.testng.reporters.JUnitXMLReporter -->
<testsuite hostname="MVertebnyi" name="Uploading Pic" tests="1" failures="1" timestamp="27 Jul 2014 15:52:12 GMT" time="0.002" errors="0">
  <testcase name="uploadPic" time="0.001" classname="testcases.UploadPicTest">
    <failure type="java.lang.Error" message="Unresolved compilation problem: 
	The method assertTrue(String, boolean) in the type AssertJUnit is not applicable for the arguments (boolean, String)
">
      <![CDATA[java.lang.Error: Unresolved compilation problem: 
	The method assertTrue(String, boolean) in the type AssertJUnit is not applicable for the arguments (boolean, String)

	at testcases.UploadPicTest.uploadPic(UploadPicTest.java:24)
... Removed 24 stack frames]]>
    </failure>
  </testcase> <!-- uploadPic -->
</testsuite> <!-- Uploading Pic -->
